c:\users\mahmo\source\repos\ioi2021\ioi2021\cave0\debug\vc142.pdb
c:\users\mahmo\source\repos\ioi2021\ioi2021\cave0\debug\vc142.idb
c:\users\mahmo\source\repos\ioi2021\ioi2021\cave0\debug\cave0.obj
c:\users\mahmo\source\repos\ioi2021\ioi2021\debug\cave0.exe
c:\users\mahmo\source\repos\ioi2021\ioi2021\cave0\debug\cave0.ilk
c:\users\mahmo\source\repos\ioi2021\ioi2021\debug\cave0.pdb
c:\users\lwnmas9\documents\github\ioi2021\ioi2021\cave0\debug\cave0.obj
c:\users\lwnmas9\documents\github\ioi2021\ioi2021\cave0\debug\cave0.ilk
c:\users\lwnmas9\documents\github\ioi2021\ioi2021\cave0\debug\vc142.idb
c:\users\lwnmas9\documents\github\ioi2021\ioi2021\cave0\debug\vc143.idb
c:\users\lwnmas9\documents\github\ioi2021\ioi2021\cave0\debug\vc142.pdb
c:\users\lwnmas9\documents\github\ioi2021\ioi2021\cave0\debug\vc143.pdb
c:\users\lwnmas9\documents\github\ioi2021\ioi2021\debug\cave0.pdb
c:\users\lwnmas9\documents\github\ioi2021\ioi2021\debug\cave0.exe
c:\users\lwnmas9\documents\github\ioi2021\ioi2021\cave0\debug\cave0.tlog\cl.command.1.tlog
c:\users\lwnmas9\documents\github\ioi2021\ioi2021\cave0\debug\cave0.tlog\cl.read.1.tlog
c:\users\lwnmas9\documents\github\ioi2021\ioi2021\cave0\debug\cave0.tlog\cl.write.1.tlog
c:\users\lwnmas9\documents\github\ioi2021\ioi2021\cave0\debug\cave0.tlog\link.command.1.tlog
c:\users\lwnmas9\documents\github\ioi2021\ioi2021\cave0\debug\cave0.tlog\link.read.1.tlog
c:\users\lwnmas9\documents\github\ioi2021\ioi2021\cave0\debug\cave0.tlog\link.write.1.tlog
