c:\users\lwnzim3\source\repos\ioi2021\ioi2021\pool5\debug\vc142.pdb
c:\users\lwnzim3\source\repos\ioi2021\ioi2021\pool5\debug\vc142.idb
c:\users\lwnzim3\source\repos\ioi2021\ioi2021\pool5\debug\pool5.obj
c:\users\lwnzim3\source\repos\ioi2021\ioi2021\debug\pool5.exe
c:\users\lwnzim3\source\repos\ioi2021\ioi2021\pool5\debug\pool5.ilk
c:\users\lwnzim3\source\repos\ioi2021\ioi2021\debug\pool5.pdb
c:\users\lwnmas9\documents\github\ioi2021\ioi2021\pool5\debug\pool5.obj
c:\users\lwnmas9\documents\github\ioi2021\ioi2021\pool5\debug\pool5.ilk
c:\users\lwnmas9\documents\github\ioi2021\ioi2021\pool5\debug\vc142.idb
c:\users\lwnmas9\documents\github\ioi2021\ioi2021\pool5\debug\vc143.idb
c:\users\lwnmas9\documents\github\ioi2021\ioi2021\pool5\debug\vc142.pdb
c:\users\lwnmas9\documents\github\ioi2021\ioi2021\pool5\debug\vc143.pdb
c:\users\lwnmas9\documents\github\ioi2021\ioi2021\debug\pool5.pdb
c:\users\lwnmas9\documents\github\ioi2021\ioi2021\debug\pool5.exe
c:\users\lwnmas9\documents\github\ioi2021\ioi2021\pool5\debug\pool5.tlog\cl.command.1.tlog
c:\users\lwnmas9\documents\github\ioi2021\ioi2021\pool5\debug\pool5.tlog\cl.read.1.tlog
c:\users\lwnmas9\documents\github\ioi2021\ioi2021\pool5\debug\pool5.tlog\cl.write.1.tlog
c:\users\lwnmas9\documents\github\ioi2021\ioi2021\pool5\debug\pool5.tlog\link.command.1.tlog
c:\users\lwnmas9\documents\github\ioi2021\ioi2021\pool5\debug\pool5.tlog\link.read.1.tlog
c:\users\lwnmas9\documents\github\ioi2021\ioi2021\pool5\debug\pool5.tlog\link.write.1.tlog
